[debug] [2022-03-02T18:01:50.305Z] ----------------------------------------------------------------------
[debug] [2022-03-02T18:01:50.308Z] Command:       /usr/local/bin/node /usr/local/bin/firebase projects:list
[debug] [2022-03-02T18:01:50.308Z] CLI Version:   10.2.1
[debug] [2022-03-02T18:01:50.308Z] Platform:      darwin
[debug] [2022-03-02T18:01:50.309Z] Node Version:  v16.13.2
[debug] [2022-03-02T18:01:50.310Z] Time:          Wed Mar 02 2022 23:31:50 GMT+0530 (India Standard Time)
[debug] [2022-03-02T18:01:50.310Z] ----------------------------------------------------------------------
[debug] 
[debug] [2022-03-02T18:01:50.318Z] > command requires scopes: ["email","openid","https://www.googleapis.com/auth/cloudplatformprojects.readonly","https://www.googleapis.com/auth/firebase","https://www.googleapis.com/auth/cloud-platform"]
[debug] [2022-03-02T18:01:50.318Z] > authorizing via signed-in user (developer@waybeetech.com)
[debug] [2022-03-02T18:01:50.325Z] > refreshing access token with scopes: []
[debug] [2022-03-02T18:01:50.325Z] >>> HTTP REQUEST POST https://www.googleapis.com/oauth2/v3/token  
 <request body omitted>
[debug] [2022-03-02T18:01:50.543Z] <<< HTTP RESPONSE 400 {"pragma":"no-cache","date":"Wed, 02 Mar 2022 18:01:50 GMT","expires":"Mon, 01 Jan 1990 00:00:00 GMT","cache-control":"no-cache, no-store, max-age=0, must-revalidate","content-type":"application/json; charset=utf-8","vary":"X-Origin, Referer, Origin,Accept-Encoding","server":"scaffolding on HTTPServer2","x-xss-protection":"0","x-frame-options":"SAMEORIGIN","x-content-type-options":"nosniff","alt-svc":"h3=\":443\"; ma=2592000,h3-29=\":443\"; ma=2592000,h3-Q050=\":443\"; ma=2592000,h3-Q046=\":443\"; ma=2592000,h3-Q043=\":443\"; ma=2592000,quic=\":443\"; ma=2592000; v=\"46,43\"","accept-ranges":"none","transfer-encoding":"chunked"}
[debug] [2022-03-02T18:01:50.546Z] >>> [apiv2][query] GET https://firebase.googleapis.com/v1beta1/projects pageSize=1000
[debug] [2022-03-02T18:01:50.829Z] <<< [apiv2][status] GET https://firebase.googleapis.com/v1beta1/projects 401
[debug] [2022-03-02T18:01:50.830Z] <<< [apiv2][body] GET https://firebase.googleapis.com/v1beta1/projects [omitted]
[debug] [2022-03-02T18:01:50.830Z] HTTP Error: 401, Request had invalid authentication credentials. Expected OAuth 2 access token, login cookie or other valid authentication credential. See https://developers.google.com/identity/sign-in/web/devconsole-project.
[debug] [2022-03-02T18:01:50.997Z] FirebaseError: HTTP Error: 401, Request had invalid authentication credentials. Expected OAuth 2 access token, login cookie or other valid authentication credential. See https://developers.google.com/identity/sign-in/web/devconsole-project.
    at module.exports (/usr/local/share/.config/yarn/global/node_modules/firebase-tools/lib/responseToError.js:47:12)
    at RetryOperation._fn (/usr/local/share/.config/yarn/global/node_modules/firebase-tools/lib/apiv2.js:286:39)
    at processTicksAndRejections (node:internal/process/task_queues:96:5)
[error] 
[error] Error: Failed to list Firebase projects. See firebase-debug.log for more info.
